{"/Users/nicktune/code/living-architecture/schema/src/lib/schema.ts": {"path":"/Users/nicktune/code/living-architecture/schema/src/lib/schema.ts","statementMap":{"0":{"start":{"line":2,"column":2},"end":{"line":2,"column":null}}},"fnMap":{"0":{"name":"schema","decl":{"start":{"line":1,"column":16},"end":{"line":1,"column":33}},"loc":{"start":{"line":1,"column":33},"end":{"line":3,"column":null}},"line":1}},"branchMap":{},"s":{"0":1},"f":{"0":1},"b":{},"meta":{"lastBranch":0,"lastFunction":1,"lastStatement":1,"seen":{"f:1:16:1:33":0,"s:2:2:2:Infinity":0}}}
}
